<?xml version="1.0" encoding="UTF-8"?>
<!-- Generated by org.testng.reporters.JUnitXMLReporter -->
<testsuite hostname="LAPTOP-HAGVT14E" ignored="3" name="Test" tests="4" failures="0" timestamp="30 Jan 2022 06:57:36 GMT" time="6.545" errors="0">
  <testcase name="createNewJIRAIssue" time="4.011" classname="services.CreateNewJIRAIssue"/>
  <testcase name="updateJIRAIssue" time="0.573" classname="services.UpdateJIRAIssue"/>
  <testcase name="deleteJIRAIssue" time="0.824" classname="services.DeleteJIRAIssue"/>
  <testcase name="getJIRAIssues" time="0.54" classname="services.GetAllJIRAIssues"/>
  <testcase name="@BeforeSuite setup" time="0.0" classname="services.BaseServiceRequest">
    <ignored/>
  </testcase> <!-- @BeforeSuite setup -->
  <testcase name="@BeforeSuite setup" time="0.0" classname="services.BaseServiceRequest">
    <ignored/>
  </testcase> <!-- @BeforeSuite setup -->
  <testcase name="@BeforeSuite setup" time="0.0" classname="services.BaseServiceRequest">
    <ignored/>
  </testcase> <!-- @BeforeSuite setup -->
</testsuite> <!-- Test -->
