<?xml version="1.0" encoding="UTF-8"?>
<!-- Generated by org.testng.reporters.JUnitXMLReporter -->
<testsuite hostname="LAPTOP-HAGVT14E" ignored="3" name="Test" tests="4" failures="0" timestamp="29 Jan 2022 15:49:22 GMT" time="4.791" errors="0">
  <testcase name="createNewJIRAIssue" time="2.633" classname="services.CreateNewJIRAIssue"/>
  <testcase name="updateJIRAIssue" time="0.505" classname="services.UpdateJIRAIssue"/>
  <testcase name="deleteJIRAIssue" time="0.869" classname="services.DeleteJIRAIssue"/>
  <testcase name="getJIRAIssues" time="0.412" classname="services.GetAllJIRAIssues"/>
  <testcase name="@BeforeSuite setup" time="0.0" classname="services.BaseServiceRequest">
    <ignored/>
  </testcase> <!-- @BeforeSuite setup -->
  <testcase name="@BeforeSuite setup" time="0.0" classname="services.BaseServiceRequest">
    <ignored/>
  </testcase> <!-- @BeforeSuite setup -->
  <testcase name="@BeforeSuite setup" time="0.0" classname="services.BaseServiceRequest">
    <ignored/>
  </testcase> <!-- @BeforeSuite setup -->
</testsuite> <!-- Test -->
